Analysis & Synthesis report for Task3
Sat Nov 27 01:24:44 2021
Quartus Prime Version 18.1.0 Build 625 09/12/2018 SJ Lite Edition


---------------------
; Table of Contents ;
---------------------
  1. Legal Notice
  2. Analysis & Synthesis Summary
  3. Analysis & Synthesis Settings
  4. Parallel Compilation
  5. Analysis & Synthesis Source Files Read
  6. Analysis & Synthesis Resource Usage Summary
  7. Analysis & Synthesis Resource Utilization by Entity
  8. General Register Statistics
  9. Port Connectivity Checks: "hex_display:hex_display"
 10. Port Connectivity Checks: "spi_slave:slave"
 11. Port Connectivity Checks: "spi_master:master"
 12. Post-Synthesis Netlist Statistics for Top Partition
 13. Elapsed Time Per Partition
 14. Analysis & Synthesis Messages
 15. Analysis & Synthesis Suppressed Messages



----------------
; Legal Notice ;
----------------
Copyright (C) 2018  Intel Corporation. All rights reserved.
Your use of Intel Corporation's design tools, logic functions 
and other software and tools, and its AMPP partner logic 
functions, and any output files from any of the foregoing 
(including device programming or simulation files), and any 
associated documentation or information are expressly subject 
to the terms and conditions of the Intel Program License 
Subscription Agreement, the Intel Quartus Prime License Agreement,
the Intel FPGA IP License Agreement, or other applicable license
agreement, including, without limitation, that your use is for
the sole purpose of programming logic devices manufactured by
Intel and sold by Intel or its authorized distributors.  Please
refer to the applicable agreement for further details.



+----------------------------------------------------------------------------------+
; Analysis & Synthesis Summary                                                     ;
+------------------------------------+---------------------------------------------+
; Analysis & Synthesis Status        ; Successful - Sat Nov 27 01:24:44 2021       ;
; Quartus Prime Version              ; 18.1.0 Build 625 09/12/2018 SJ Lite Edition ;
; Revision Name                      ; Task3                                       ;
; Top-level Entity Name              ; top                                         ;
; Family                             ; Cyclone IV E                                ;
; Total logic elements               ; 31                                          ;
;     Total combinational functions  ; 31                                          ;
;     Dedicated logic registers      ; 15                                          ;
; Total registers                    ; 15                                          ;
; Total pins                         ; 14                                          ;
; Total virtual pins                 ; 0                                           ;
; Total memory bits                  ; 0                                           ;
; Embedded Multiplier 9-bit elements ; 0                                           ;
; Total PLLs                         ; 0                                           ;
+------------------------------------+---------------------------------------------+


+------------------------------------------------------------------------------------------------------------+
; Analysis & Synthesis Settings                                                                              ;
+------------------------------------------------------------------+--------------------+--------------------+
; Option                                                           ; Setting            ; Default Value      ;
+------------------------------------------------------------------+--------------------+--------------------+
; Device                                                           ; EP4CE6E22C8        ;                    ;
; Top-level entity name                                            ; top                ; Task3              ;
; Family name                                                      ; Cyclone IV E       ; Cyclone V          ;
; Use smart compilation                                            ; Off                ; Off                ;
; Enable parallel Assembler and Timing Analyzer during compilation ; On                 ; On                 ;
; Enable compact report table                                      ; Off                ; Off                ;
; Restructure Multiplexers                                         ; Auto               ; Auto               ;
; Create Debugging Nodes for IP Cores                              ; Off                ; Off                ;
; Preserve fewer node names                                        ; On                 ; On                 ;
; Intel FPGA IP Evaluation Mode                                    ; Enable             ; Enable             ;
; Verilog Version                                                  ; Verilog_2001       ; Verilog_2001       ;
; VHDL Version                                                     ; VHDL_1993          ; VHDL_1993          ;
; State Machine Processing                                         ; Auto               ; Auto               ;
; Safe State Machine                                               ; Off                ; Off                ;
; Extract Verilog State Machines                                   ; On                 ; On                 ;
; Extract VHDL State Machines                                      ; On                 ; On                 ;
; Ignore Verilog initial constructs                                ; Off                ; Off                ;
; Iteration limit for constant Verilog loops                       ; 5000               ; 5000               ;
; Iteration limit for non-constant Verilog loops                   ; 250                ; 250                ;
; Add Pass-Through Logic to Inferred RAMs                          ; On                 ; On                 ;
; Infer RAMs from Raw Logic                                        ; On                 ; On                 ;
; Parallel Synthesis                                               ; On                 ; On                 ;
; DSP Block Balancing                                              ; Auto               ; Auto               ;
; NOT Gate Push-Back                                               ; On                 ; On                 ;
; Power-Up Don't Care                                              ; On                 ; On                 ;
; Remove Redundant Logic Cells                                     ; Off                ; Off                ;
; Remove Duplicate Registers                                       ; On                 ; On                 ;
; Ignore CARRY Buffers                                             ; Off                ; Off                ;
; Ignore CASCADE Buffers                                           ; Off                ; Off                ;
; Ignore GLOBAL Buffers                                            ; Off                ; Off                ;
; Ignore ROW GLOBAL Buffers                                        ; Off                ; Off                ;
; Ignore LCELL Buffers                                             ; Off                ; Off                ;
; Ignore SOFT Buffers                                              ; On                 ; On                 ;
; Limit AHDL Integers to 32 Bits                                   ; Off                ; Off                ;
; Optimization Technique                                           ; Balanced           ; Balanced           ;
; Carry Chain Length                                               ; 70                 ; 70                 ;
; Auto Carry Chains                                                ; On                 ; On                 ;
; Auto Open-Drain Pins                                             ; On                 ; On                 ;
; Perform WYSIWYG Primitive Resynthesis                            ; Off                ; Off                ;
; Auto ROM Replacement                                             ; On                 ; On                 ;
; Auto RAM Replacement                                             ; On                 ; On                 ;
; Auto DSP Block Replacement                                       ; On                 ; On                 ;
; Auto Shift Register Replacement                                  ; Auto               ; Auto               ;
; Allow Shift Register Merging across Hierarchies                  ; Auto               ; Auto               ;
; Auto Clock Enable Replacement                                    ; On                 ; On                 ;
; Strict RAM Replacement                                           ; Off                ; Off                ;
; Allow Synchronous Control Signals                                ; On                 ; On                 ;
; Force Use of Synchronous Clear Signals                           ; Off                ; Off                ;
; Auto RAM Block Balancing                                         ; On                 ; On                 ;
; Auto RAM to Logic Cell Conversion                                ; Off                ; Off                ;
; Auto Resource Sharing                                            ; Off                ; Off                ;
; Allow Any RAM Size For Recognition                               ; Off                ; Off                ;
; Allow Any ROM Size For Recognition                               ; Off                ; Off                ;
; Allow Any Shift Register Size For Recognition                    ; Off                ; Off                ;
; Use LogicLock Constraints during Resource Balancing              ; On                 ; On                 ;
; Ignore translate_off and synthesis_off directives                ; Off                ; Off                ;
; Timing-Driven Synthesis                                          ; On                 ; On                 ;
; Report Parameter Settings                                        ; On                 ; On                 ;
; Report Source Assignments                                        ; On                 ; On                 ;
; Report Connectivity Checks                                       ; On                 ; On                 ;
; Ignore Maximum Fan-Out Assignments                               ; Off                ; Off                ;
; Synchronization Register Chain Length                            ; 2                  ; 2                  ;
; Power Optimization During Synthesis                              ; Normal compilation ; Normal compilation ;
; HDL message level                                                ; Level2             ; Level2             ;
; Suppress Register Optimization Related Messages                  ; Off                ; Off                ;
; Number of Removed Registers Reported in Synthesis Report         ; 5000               ; 5000               ;
; Number of Swept Nodes Reported in Synthesis Report               ; 5000               ; 5000               ;
; Number of Inverted Registers Reported in Synthesis Report        ; 100                ; 100                ;
; Clock MUX Protection                                             ; On                 ; On                 ;
; Auto Gated Clock Conversion                                      ; Off                ; Off                ;
; Block Design Naming                                              ; Auto               ; Auto               ;
; SDC constraint protection                                        ; Off                ; Off                ;
; Synthesis Effort                                                 ; Auto               ; Auto               ;
; Shift Register Replacement - Allow Asynchronous Clear Signal     ; On                 ; On                 ;
; Pre-Mapping Resynthesis Optimization                             ; Off                ; Off                ;
; Analysis & Synthesis Message Level                               ; Medium             ; Medium             ;
; Disable Register Merging Across Hierarchies                      ; Auto               ; Auto               ;
; Resource Aware Inference For Block RAM                           ; On                 ; On                 ;
+------------------------------------------------------------------+--------------------+--------------------+


+------------------------------------------+
; Parallel Compilation                     ;
+----------------------------+-------------+
; Processors                 ; Number      ;
+----------------------------+-------------+
; Number detected on machine ; 4           ;
; Maximum allowed            ; 4           ;
;                            ;             ;
; Average used               ; 1.00        ;
; Maximum used               ; 4           ;
;                            ;             ;
; Usage by Processor         ; % Time Used ;
;     Processor 1            ; 100.0%      ;
;     Processors 2-4         ;   0.0%      ;
+----------------------------+-------------+


+----------------------------------------------------------------------------------------------------------------------------------------------------------------------------------+
; Analysis & Synthesis Source Files Read                                                                                                                                           ;
+---------------------------------------------+-----------------+------------------------+-------------------------------------------------------------------------------+---------+
; File Name with User-Entered Path            ; Used in Netlist ; File Type              ; File Name with Absolute Path                                                  ; Library ;
+---------------------------------------------+-----------------+------------------------+-------------------------------------------------------------------------------+---------+
; ../Addition/hex_display_counter/build/top.v ; yes             ; User Verilog HDL File  ; /home/zigal0/FPGA/DREC-fpga/Homework/Addition/hex_display_counter/build/top.v ;         ;
; hex_to_seg.v                                ; yes             ; User Verilog HDL File  ; /home/zigal0/FPGA/DREC-fpga/Homework/Task#3/hex_to_seg.v                      ;         ;
; spi_master.v                                ; yes             ; User Verilog HDL File  ; /home/zigal0/FPGA/DREC-fpga/Homework/Task#3/spi_master.v                      ;         ;
; spi_slave.v                                 ; yes             ; User Verilog HDL File  ; /home/zigal0/FPGA/DREC-fpga/Homework/Task#3/spi_slave.v                       ;         ;
; hex_display.v                               ; yes             ; User Verilog HDL File  ; /home/zigal0/FPGA/DREC-fpga/Homework/Task#3/hex_display.v                     ;         ;
+---------------------------------------------+-----------------+------------------------+-------------------------------------------------------------------------------+---------+


+---------------------------------------------------------+
; Analysis & Synthesis Resource Usage Summary             ;
+---------------------------------------------+-----------+
; Resource                                    ; Usage     ;
+---------------------------------------------+-----------+
; Estimated Total logic elements              ; 31        ;
;                                             ;           ;
; Total combinational functions               ; 31        ;
; Logic element usage by number of LUT inputs ;           ;
;     -- 4 input functions                    ; 6         ;
;     -- 3 input functions                    ; 0         ;
;     -- <=2 input functions                  ; 25        ;
;                                             ;           ;
; Logic elements by mode                      ;           ;
;     -- normal mode                          ; 19        ;
;     -- arithmetic mode                      ; 12        ;
;                                             ;           ;
; Total registers                             ; 15        ;
;     -- Dedicated logic registers            ; 15        ;
;     -- I/O registers                        ; 0         ;
;                                             ;           ;
; I/O pins                                    ; 14        ;
;                                             ;           ;
; Embedded Multiplier 9-bit elements          ; 0         ;
;                                             ;           ;
; Maximum fan-out node                        ; CLK~input ;
; Maximum fan-out                             ; 13        ;
; Total fan-out                               ; 120       ;
; Average fan-out                             ; 1.62      ;
+---------------------------------------------+-----------+


+---------------------------------------------------------------------------------------------------------------------------------------------------------------------------------------------------------------------+
; Analysis & Synthesis Resource Utilization by Entity                                                                                                                                                                 ;
+------------------------------+---------------------+---------------------------+-------------+--------------+---------+-----------+------+--------------+------------------------------+-------------+--------------+
; Compilation Hierarchy Node   ; Combinational ALUTs ; Dedicated Logic Registers ; Memory Bits ; DSP Elements ; DSP 9x9 ; DSP 18x18 ; Pins ; Virtual Pins ; Full Hierarchy Name          ; Entity Name ; Library Name ;
+------------------------------+---------------------+---------------------------+-------------+--------------+---------+-----------+------+--------------+------------------------------+-------------+--------------+
; |top                         ; 31 (1)              ; 15 (0)                    ; 0           ; 0            ; 0       ; 0         ; 14   ; 0            ; |top                         ; top         ; work         ;
;    |hex_display:hex_display| ; 30 (30)             ; 15 (15)                   ; 0           ; 0            ; 0       ; 0         ; 0    ; 0            ; |top|hex_display:hex_display ; hex_display ; work         ;
+------------------------------+---------------------+---------------------------+-------------+--------------+---------+-----------+------+--------------+------------------------------+-------------+--------------+
Note: For table entries with two numbers listed, the numbers in parentheses indicate the number of resources of the given type used by the specific entity alone. The numbers listed outside of parentheses indicate the total resources of the given type used by the specific entity and all of its sub-entities in the hierarchy.


+------------------------------------------------------+
; General Register Statistics                          ;
+----------------------------------------------+-------+
; Statistic                                    ; Value ;
+----------------------------------------------+-------+
; Total registers                              ; 15    ;
; Number of registers using Synchronous Clear  ; 0     ;
; Number of registers using Synchronous Load   ; 0     ;
; Number of registers using Asynchronous Clear ; 0     ;
; Number of registers using Asynchronous Load  ; 0     ;
; Number of registers using Clock Enable       ; 0     ;
; Number of registers using Preset             ; 0     ;
+----------------------------------------------+-------+


+--------------------------------------------------------------------------------------------------------------------------------------------------------------------------+
; Port Connectivity Checks: "hex_display:hex_display"                                                                                                                      ;
+------+-------+----------+------------------------------------------------------------------------------------------------------------------------------------------------+
; Port ; Type  ; Severity ; Details                                                                                                                                        ;
+------+-------+----------+------------------------------------------------------------------------------------------------------------------------------------------------+
; data ; Input ; Warning  ; Input port expression (8 bits) is smaller than the input port (16 bits) it drives.  Extra input bit(s) "data[15..8]" will be connected to GND. ;
+------+-------+----------+------------------------------------------------------------------------------------------------------------------------------------------------+


+--------------------------------------------------------------------------------------------------------------------------------------------------------------------------------------------------+
; Port Connectivity Checks: "spi_slave:slave"                                                                                                                                                      ;
+------+--------+----------+-----------------------------------------------------------------------------------------------------------------------------------------------------------------------+
; Port ; Type   ; Severity ; Details                                                                                                                                                               ;
+------+--------+----------+-----------------------------------------------------------------------------------------------------------------------------------------------------------------------+
; data ; Output ; Warning  ; Output or bidir port (1 bits) is smaller than the port expression (8 bits) it drives.  The 7 most-significant bit(s) in the port expression will be connected to GND. ;
+------+--------+----------+-----------------------------------------------------------------------------------------------------------------------------------------------------------------------+


+-----------------------------------------------+
; Port Connectivity Checks: "spi_master:master" ;
+------+-------+----------+---------------------+
; Port ; Type  ; Severity ; Details             ;
+------+-------+----------+---------------------+
; flag ; Bidir ; Warning  ; Stuck at GND        ;
+------+-------+----------+---------------------+


+-----------------------------------------------------+
; Post-Synthesis Netlist Statistics for Top Partition ;
+-----------------------+-----------------------------+
; Type                  ; Count                       ;
+-----------------------+-----------------------------+
; boundary_port         ; 14                          ;
; cycloneiii_ff         ; 15                          ;
;     plain             ; 15                          ;
; cycloneiii_lcell_comb ; 35                          ;
;     arith             ; 12                          ;
;         2 data inputs ; 12                          ;
;     normal            ; 23                          ;
;         0 data inputs ; 2                           ;
;         1 data inputs ; 4                           ;
;         2 data inputs ; 11                          ;
;         4 data inputs ; 6                           ;
;                       ;                             ;
; Max LUT depth         ; 3.20                        ;
; Average LUT depth     ; 2.44                        ;
+-----------------------+-----------------------------+


+-------------------------------+
; Elapsed Time Per Partition    ;
+----------------+--------------+
; Partition Name ; Elapsed Time ;
+----------------+--------------+
; Top            ; 00:00:00     ;
+----------------+--------------+


+-------------------------------+
; Analysis & Synthesis Messages ;
+-------------------------------+
Info: *******************************************************************
Info: Running Quartus Prime Analysis & Synthesis
    Info: Version 18.1.0 Build 625 09/12/2018 SJ Lite Edition
    Info: Processing started: Sat Nov 27 01:24:22 2021
Info: Command: quartus_map --read_settings_files=on --write_settings_files=off Task3 -c Task3
Warning (18236): Number of processors has not been specified which may cause overloading on shared machines.  Set the global assignment NUM_PARALLEL_PROCESSORS in your QSF to an appropriate value for best performance.
Info (20030): Parallel compilation is enabled and will use 4 of the 4 processors detected
Info (12021): Found 1 design units, including 1 entities, in source file /home/zigal0/FPGA/DREC-fpga/Homework/Addition/hex_display_counter/build/top.v
    Info (12023): Found entity 1: top File: /home/zigal0/FPGA/DREC-fpga/Homework/Addition/hex_display_counter/build/top.v Line: 1
Info (12021): Found 1 design units, including 1 entities, in source file hex_to_seg.v
    Info (12023): Found entity 1: hex_to_seg File: /home/zigal0/FPGA/DREC-fpga/Homework/Task#3/hex_to_seg.v Line: 1
Info (12021): Found 1 design units, including 1 entities, in source file spi_master.v
    Info (12023): Found entity 1: spi_master File: /home/zigal0/FPGA/DREC-fpga/Homework/Task#3/spi_master.v Line: 1
Info (12021): Found 1 design units, including 1 entities, in source file spi_slave.v
    Info (12023): Found entity 1: spi_slave File: /home/zigal0/FPGA/DREC-fpga/Homework/Task#3/spi_slave.v Line: 1
Info (12021): Found 1 design units, including 1 entities, in source file hex_display.v
    Info (12023): Found entity 1: hex_display File: /home/zigal0/FPGA/DREC-fpga/Homework/Task#3/hex_display.v Line: 1
Warning (10236): Verilog HDL Implicit Net warning at hex_display.v(18): created implicit net for "divided_clk" File: /home/zigal0/FPGA/DREC-fpga/Homework/Task#3/hex_display.v Line: 18
Info (12127): Elaborating entity "top" for the top level hierarchy
Info (12128): Elaborating entity "spi_master" for hierarchy "spi_master:master" File: /home/zigal0/FPGA/DREC-fpga/Homework/Addition/hex_display_counter/build/top.v Line: 36
Warning (10230): Verilog HDL assignment warning at spi_master.v(30): truncated value with size 32 to match size of target (1) File: /home/zigal0/FPGA/DREC-fpga/Homework/Task#3/spi_master.v Line: 30
Info (12128): Elaborating entity "spi_slave" for hierarchy "spi_slave:slave" File: /home/zigal0/FPGA/DREC-fpga/Homework/Addition/hex_display_counter/build/top.v Line: 39
Warning (10230): Verilog HDL assignment warning at spi_slave.v(13): truncated value with size 8 to match size of target (1) File: /home/zigal0/FPGA/DREC-fpga/Homework/Task#3/spi_slave.v Line: 13
Warning (10230): Verilog HDL assignment warning at spi_slave.v(22): truncated value with size 32 to match size of target (1) File: /home/zigal0/FPGA/DREC-fpga/Homework/Task#3/spi_slave.v Line: 22
Info (12128): Elaborating entity "hex_display" for hierarchy "hex_display:hex_display" File: /home/zigal0/FPGA/DREC-fpga/Homework/Addition/hex_display_counter/build/top.v Line: 47
Warning (10230): Verilog HDL assignment warning at hex_display.v(15): truncated value with size 32 to match size of target (13) File: /home/zigal0/FPGA/DREC-fpga/Homework/Task#3/hex_display.v Line: 15
Info (12128): Elaborating entity "hex_to_seg" for hierarchy "hex_display:hex_display|hex_to_seg:hex_to_seg" File: /home/zigal0/FPGA/DREC-fpga/Homework/Task#3/hex_display.v Line: 25
Warning (12011): Net is missing source, defaulting to GND
    Warning (12110): Net "data[7]" is missing source, defaulting to GND File: /home/zigal0/FPGA/DREC-fpga/Homework/Addition/hex_display_counter/build/top.v Line: 38
    Warning (12110): Net "data[6]" is missing source, defaulting to GND File: /home/zigal0/FPGA/DREC-fpga/Homework/Addition/hex_display_counter/build/top.v Line: 38
    Warning (12110): Net "data[5]" is missing source, defaulting to GND File: /home/zigal0/FPGA/DREC-fpga/Homework/Addition/hex_display_counter/build/top.v Line: 38
    Warning (12110): Net "data[4]" is missing source, defaulting to GND File: /home/zigal0/FPGA/DREC-fpga/Homework/Addition/hex_display_counter/build/top.v Line: 38
    Warning (12110): Net "data[3]" is missing source, defaulting to GND File: /home/zigal0/FPGA/DREC-fpga/Homework/Addition/hex_display_counter/build/top.v Line: 38
    Warning (12110): Net "data[2]" is missing source, defaulting to GND File: /home/zigal0/FPGA/DREC-fpga/Homework/Addition/hex_display_counter/build/top.v Line: 38
    Warning (12110): Net "data[1]" is missing source, defaulting to GND File: /home/zigal0/FPGA/DREC-fpga/Homework/Addition/hex_display_counter/build/top.v Line: 38
Warning (12011): Net is missing source, defaulting to GND
    Warning (12110): Net "data[7]" is missing source, defaulting to GND File: /home/zigal0/FPGA/DREC-fpga/Homework/Addition/hex_display_counter/build/top.v Line: 38
    Warning (12110): Net "data[6]" is missing source, defaulting to GND File: /home/zigal0/FPGA/DREC-fpga/Homework/Addition/hex_display_counter/build/top.v Line: 38
    Warning (12110): Net "data[5]" is missing source, defaulting to GND File: /home/zigal0/FPGA/DREC-fpga/Homework/Addition/hex_display_counter/build/top.v Line: 38
    Warning (12110): Net "data[4]" is missing source, defaulting to GND File: /home/zigal0/FPGA/DREC-fpga/Homework/Addition/hex_display_counter/build/top.v Line: 38
    Warning (12110): Net "data[3]" is missing source, defaulting to GND File: /home/zigal0/FPGA/DREC-fpga/Homework/Addition/hex_display_counter/build/top.v Line: 38
    Warning (12110): Net "data[2]" is missing source, defaulting to GND File: /home/zigal0/FPGA/DREC-fpga/Homework/Addition/hex_display_counter/build/top.v Line: 38
    Warning (12110): Net "data[1]" is missing source, defaulting to GND File: /home/zigal0/FPGA/DREC-fpga/Homework/Addition/hex_display_counter/build/top.v Line: 38
Warning (12241): 3 hierarchies have connectivity warnings - see the Connectivity Checks report folder
Warning (13024): Output pins are stuck at VCC or GND
    Warning (13410): Pin "DS_A" is stuck at VCC File: /home/zigal0/FPGA/DREC-fpga/Homework/Addition/hex_display_counter/build/top.v Line: 7
    Warning (13410): Pin "DS_B" is stuck at VCC File: /home/zigal0/FPGA/DREC-fpga/Homework/Addition/hex_display_counter/build/top.v Line: 7
    Warning (13410): Pin "DS_C" is stuck at VCC File: /home/zigal0/FPGA/DREC-fpga/Homework/Addition/hex_display_counter/build/top.v Line: 7
    Warning (13410): Pin "DS_D" is stuck at VCC File: /home/zigal0/FPGA/DREC-fpga/Homework/Addition/hex_display_counter/build/top.v Line: 7
    Warning (13410): Pin "DS_E" is stuck at VCC File: /home/zigal0/FPGA/DREC-fpga/Homework/Addition/hex_display_counter/build/top.v Line: 7
    Warning (13410): Pin "DS_F" is stuck at VCC File: /home/zigal0/FPGA/DREC-fpga/Homework/Addition/hex_display_counter/build/top.v Line: 7
    Warning (13410): Pin "DS_G" is stuck at GND File: /home/zigal0/FPGA/DREC-fpga/Homework/Addition/hex_display_counter/build/top.v Line: 7
    Warning (13410): Pin "DS_DP" is stuck at GND File: /home/zigal0/FPGA/DREC-fpga/Homework/Addition/hex_display_counter/build/top.v Line: 8
Info (286030): Timing-Driven Synthesis is running
Info (144001): Generated suppressed messages file /home/zigal0/FPGA/DREC-fpga/Homework/Task#3/output_files/Task3.map.smsg
Info (16010): Generating hard_block partition "hard_block:auto_generated_inst"
    Info (16011): Adding 0 node(s), including 0 DDIO, 0 PLL, 0 transceiver and 0 LCELL
Warning (21074): Design contains 1 input pin(s) that do not drive logic
    Warning (15610): No output dependent on input pin "KEY1" File: /home/zigal0/FPGA/DREC-fpga/Homework/Addition/hex_display_counter/build/top.v Line: 3
Info (21057): Implemented 45 device resources after synthesis - the final resource count might be different
    Info (21058): Implemented 2 input pins
    Info (21059): Implemented 12 output pins
    Info (21061): Implemented 31 logic cells
Info: Quartus Prime Analysis & Synthesis was successful. 0 errors, 34 warnings
    Info: Peak virtual memory: 978 megabytes
    Info: Processing ended: Sat Nov 27 01:24:44 2021
    Info: Elapsed time: 00:00:22
    Info: Total CPU time (on all processors): 00:00:37


+------------------------------------------+
; Analysis & Synthesis Suppressed Messages ;
+------------------------------------------+
The suppressed messages can be found in /home/zigal0/FPGA/DREC-fpga/Homework/Task#3/output_files/Task3.map.smsg.


